Streaming transaction logs mentioning Fmqd2M8VMepCQAAXJJ3mUS7sEL9FaFUkX7t5Zrt9Xu2Z. Confirmed commitment
Transaction executed in slot 41:
  Signature: 3xemkZEo3N8tTZvXg9DjQ1QSHgkBRc2uDqv5yafjrzcHeD6YZe7ZHoWo233wQaDvbZt5nhwz4TQdBBh7FgKGrTpV
  Status: Ok
  Log Messages:
    Program Fmqd2M8VMepCQAAXJJ3mUS7sEL9FaFUkX7t5Zrt9Xu2Z invoke [1]
    Program log: Instruction: CreatePropertyMint
    Program 11111111111111111111111111111111 invoke [2]
    Program 11111111111111111111111111111111 success
    Program 11111111111111111111111111111111 invoke [2]
    Program 11111111111111111111111111111111 success
    Program 11111111111111111111111111111111 invoke [2]
    Program 11111111111111111111111111111111 success
    Program TokenzQdBNbLqP5VEhdkAS6EPFLC1PHnBqCXEpPxuEb invoke [2]
    Program log: TransferHookInstruction::Initialize
    Program TokenzQdBNbLqP5VEhdkAS6EPFLC1PHnBqCXEpPxuEb consumed 900 of 172102 compute units
    Program TokenzQdBNbLqP5VEhdkAS6EPFLC1PHnBqCXEpPxuEb success
    Program TokenzQdBNbLqP5VEhdkAS6EPFLC1PHnBqCXEpPxuEb invoke [2]
    Program log: Instruction: InitializeMint2
    Program TokenzQdBNbLqP5VEhdkAS6EPFLC1PHnBqCXEpPxuEb consumed 1957 of 169593 compute units
    Program TokenzQdBNbLqP5VEhdkAS6EPFLC1PHnBqCXEpPxuEb success
    Program log: ExtraAccountMetaList initialized for mint: 9vPFyYpMH1EcFKHLQaBhn2r4wpYQHBQBZEuUXC7MKmaG
    Program data: jH36AUO8hImEinIZ07pIeMq65eQOWb5mzZ55/JbbYxdEC/9LyTfeSXLnDOtrMiZKnYHJU1vXqJay/BwfFfIQipeWoMmbCp78FwAAAEVkaWbDrWNpbyBTYW50b3MgRHVtb250BwAAAEVEU0FOVE8AEKXU6AAAACMAAABBdi4gUGF1bGlzdGEsIDEwMDAsIFPDo28gUGF1bG8gLSBTUGTUJ2kAAAAA
    Program data: qwf+AHXL43WEinIZ07pIeMq65eQOWb5mzZ55/JbbYxdEC/9LyTfeSU90BbcwDvOb2H85x2EQrs/fXU+GsoW8ehx0y3ljqVKgZNQnaQAAAAA=
    Program log: Property mint created with TransferHook extension
    Program log: Mint: 9vPFyYpMH1EcFKHLQaBhn2r4wpYQHBQBZEuUXC7MKmaG
    Program log: Transfer Hook Program: Fmqd2M8VMepCQAAXJJ3mUS7sEL9FaFUkX7t5Zrt9Xu2Z
    Program log: All transfers will now verify KYC!
    Program Fmqd2M8VMepCQAAXJJ3mUS7sEL9FaFUkX7t5Zrt9Xu2Z consumed 68721 of 200000 compute units
    Program Fmqd2M8VMepCQAAXJJ3mUS7sEL9FaFUkX7t5Zrt9Xu2Z success
Transaction executed in slot 42:
  Signature: QQFD4ay8Cb7uQHSwMu4UZaAidx7bGbq1vcbACvou989R84F4KCPzY4dUjxS4wAtqJiQswbWPjcgG8n7YNWJJFeW
  Status: Ok
  Log Messages:
    Program Fmqd2M8VMepCQAAXJJ3mUS7sEL9FaFUkX7t5Zrt9Xu2Z invoke [1]
    Program log: Instruction: UpdatePropertyDetails
    Program data: a1hGWq5VIGCEinIZ07pIeMq65eQOWb5mzZ55/JbbYxdEC/9LyTfeSSQAAABBdi4gUGF1bGlzdGEsIDEwMDAgLSBVcGRhdGVkIEFkZHJlc3MADicHAAAAAFIDZNQnaQAAAAA=
    Program log: Property details updated for Edifício Santos Dumont - Value: $1200000 - Yield: 8.5%
    Program Fmqd2M8VMepCQAAXJJ3mUS7sEL9FaFUkX7t5Zrt9Xu2Z consumed 11571 of 200000 compute units
    Program Fmqd2M8VMepCQAAXJJ3mUS7sEL9FaFUkX7t5Zrt9Xu2Z success
Transaction executed in slot 42:
  Signature: 3ArFbJ6UvpUioQoubjxntHrRPbL6aB4vQwp4TxKh6WFFeDK1jwmWq9PEqkEVBvAUw7otMwmzLdxb4Mme5yLPpsnq
  Status: Error processing Instruction 0: custom program error: 0x1770
  Log Messages:
    Program Fmqd2M8VMepCQAAXJJ3mUS7sEL9FaFUkX7t5Zrt9Xu2Z invoke [1]
    Program log: Instruction: UpdatePropertyDetails
    Program log: AnchorError caused by account: property_state. Error Code: Unauthorized. Error Number: 6000. Error Message: Unauthorized: Only property authority can perform this action.
    Program log: Left:
    Program log: 8jXpYdvEQ9RRFAuTfhpRQoknp5nmL4FnccutiC31Khzb
    Program log: Right:
    Program log: GTM3cpxhRxjsNwHYFHvDzkV65guhErVt3M72oTUwQKUB
    Program Fmqd2M8VMepCQAAXJJ3mUS7sEL9FaFUkX7t5Zrt9Xu2Z consumed 8371 of 200000 compute units
    Program Fmqd2M8VMepCQAAXJJ3mUS7sEL9FaFUkX7t5Zrt9Xu2Z failed: custom program error: 0x1770
Transaction executed in slot 42:
  Signature: SFrbWBSMqK9HZGTHU1qMjTs4EXLV4YNr5fw1uEM898CVMgdoGCvx7gjroyCsY589UBr8EwZxeEubmoqkCiW8r6z
  Status: Ok
  Log Messages:
    Program Fmqd2M8VMepCQAAXJJ3mUS7sEL9FaFUkX7t5Zrt9Xu2Z invoke [1]
    Program log: Instruction: TogglePropertyStatus
    Program data: A08nYXpzohiEinIZ07pIeMq65eQOWb5mzZ55/JbbYxdEC/9LyTfeSQBk1CdpAAAAAA==
    Program log: Property Edifício Santos Dumont status changed to: INACTIVE
    Program Fmqd2M8VMepCQAAXJJ3mUS7sEL9FaFUkX7t5Zrt9Xu2Z consumed 7761 of 200000 compute units
    Program Fmqd2M8VMepCQAAXJJ3mUS7sEL9FaFUkX7t5Zrt9Xu2Z success
Transaction executed in slot 43:
  Signature: SFrbWBSMqK9HZGTHU1qMjTs4EXLV4YNr5fw1uEM898CVMgdoGCvx7gjroyCsY589UBr8EwZxeEubmoqkCiW8r6z
  Status: Ok
  Log Messages:
    Program Fmqd2M8VMepCQAAXJJ3mUS7sEL9FaFUkX7t5Zrt9Xu2Z invoke [1]
    Program log: Instruction: TogglePropertyStatus
    Program data: A08nYXpzohiEinIZ07pIeMq65eQOWb5mzZ55/JbbYxdEC/9LyTfeSQBl1CdpAAAAAA==
    Program log: Property Edifício Santos Dumont status changed to: INACTIVE
    Program Fmqd2M8VMepCQAAXJJ3mUS7sEL9FaFUkX7t5Zrt9Xu2Z consumed 7761 of 200000 compute units
    Program Fmqd2M8VMepCQAAXJJ3mUS7sEL9FaFUkX7t5Zrt9Xu2Z success
Transaction executed in slot 44:
  Signature: 35ZfjsFV2pWvYvZgS7Cm5erFKkxECRcL5tK5X5pK2RoxygWd9onfYRvzkEBg7qHDNE7LNGsGc1tDVmgmtLumH8gx
  Status: Ok
  Log Messages:
    Program Fmqd2M8VMepCQAAXJJ3mUS7sEL9FaFUkX7t5Zrt9Xu2Z invoke [1]
    Program log: Instruction: TogglePropertyStatus
    Program data: A08nYXpzohiEinIZ07pIeMq65eQOWb5mzZ55/JbbYxdEC/9LyTfeSQFl1CdpAAAAAA==
    Program log: Property Edifício Santos Dumont status changed to: ACTIVE
    Program Fmqd2M8VMepCQAAXJJ3mUS7sEL9FaFUkX7t5Zrt9Xu2Z consumed 7549 of 200000 compute units
    Program Fmqd2M8VMepCQAAXJJ3mUS7sEL9FaFUkX7t5Zrt9Xu2Z success
